\BOOKMARK [1][-]{section.1}{\376\377\000M\000a\000t\000h\000e\000m\000a\000t\000i\000c\000a\000l\000\040\000P\000r\000e\000l\000i\000m\000i\000n\000a\000r\000i\000e\000s}{}% 1
\BOOKMARK [2][-]{subsection.1.1}{\376\377\000I\000n\000d\000i\000c\000i\000a\000l\000\040\000N\000o\000t\000a\000t\000i\000o\000n\000\040\000a\000n\000d\000\040\000T\000e\000n\000s\000o\000r\000\040\000O\000p\000e\000r\000a\000t\000i\000o\000n\000s}{section.1}% 2
\BOOKMARK [3][-]{subsubsection.1.1.1}{\376\377\000S\000u\000m\000m\000a\000t\000i\000o\000n\000\040\000C\000o\000n\000v\000e\000n\000t\000i\000o\000n}{subsection.1.1}% 3
\BOOKMARK [3][-]{subsubsection.1.1.2}{\376\377\000E\000x\000a\000m\000p\000l\000e}{subsection.1.1}% 4
\BOOKMARK [3][-]{subsubsection.1.1.3}{\376\377\000T\000r\000a\000n\000s\000f\000o\000r\000m\000a\000t\000i\000o\000n\000\040\000o\000f\000\040\000C\000o\000m\000p\000o\000n\000e\000n\000t\000s}{subsection.1.1}% 5
\BOOKMARK [2][-]{subsection.1.2}{\376\377\000K\000r\000o\000n\000e\000c\000k\000e\000r\000\040\000D\000e\000l\000t\000a}{section.1}% 6
\BOOKMARK [2][-]{subsection.1.3}{\376\377\000A\000l\000t\000e\000r\000n\000a\000t\000i\000n\000g\000\040\000S\000y\000m\000b\000o\000l\000\040\000\050\000L\000e\000v\000i\000-\000C\000i\000v\000i\000t\000a\000\040\000T\000e\000n\000s\000o\000r\000\051}{section.1}% 7
\BOOKMARK [3][-]{subsubsection.1.3.1}{\376\377\000V\000e\000c\000t\000o\000r\000\040\000P\000r\000o\000d\000u\000c\000t\000s}{subsection.1.3}% 8
\BOOKMARK [3][-]{subsubsection.1.3.2}{\376\377\000U\000s\000e\000f\000u\000l\000\040\000I\000d\000e\000n\000t\000i\000t\000i\000e\000s}{subsection.1.3}% 9
\BOOKMARK [2][-]{subsection.1.4}{\376\377\000M\000a\000t\000r\000i\000x\000\040\000T\000h\000e\000o\000r\000y\000\040\000i\000n\000\040\000I\000n\000d\000e\000x\000\040\000N\000o\000t\000a\000t\000i\000o\000n}{section.1}% 10
\BOOKMARK [3][-]{subsubsection.1.4.1}{\376\377\000M\000a\000t\000r\000i\000x\000\040\000R\000e\000p\000r\000e\000s\000e\000n\000t\000a\000t\000i\000o\000n}{subsection.1.4}% 11
\BOOKMARK [3][-]{subsubsection.1.4.2}{\376\377\000T\000r\000a\000n\000s\000p\000o\000s\000e\000\040\000a\000n\000d\000\040\000S\000y\000m\000m\000e\000t\000r\000y}{subsection.1.4}% 12
\BOOKMARK [2][-]{subsection.1.5}{\376\377\000D\000e\000t\000e\000r\000m\000i\000n\000a\000n\000t}{section.1}% 13
\BOOKMARK [3][-]{subsubsection.1.5.1}{\376\377\000M\000i\000n\000o\000r\000\040\000a\000n\000d\000\040\000C\000o\000f\000a\000c\000t\000o\000r}{subsection.1.5}% 14
\BOOKMARK [3][-]{subsubsection.1.5.2}{\376\377\000P\000r\000o\000p\000e\000r\000t\000i\000e\000s\000\040\000o\000f\000\040\000D\000e\000t\000e\000r\000m\000i\000n\000a\000n\000t\000s}{subsection.1.5}% 15
\BOOKMARK [3][-]{subsubsection.1.5.3}{\376\377\000R\000o\000w\000\040\000a\000n\000d\000\040\000C\000o\000l\000u\000m\000n\000\040\000E\000x\000p\000a\000n\000s\000i\000o\000n\000s}{subsection.1.5}% 16
\BOOKMARK [3][-]{subsubsection.1.5.4}{\376\377\000P\000r\000o\000o\000f\000:\000\040}{subsection.1.5}% 17
\BOOKMARK [2][-]{subsection.1.6}{\376\377\000P\000r\000o\000p\000e\000r\000t\000i\000e\000s\000\040\000o\000f\000\040\000L\000e\000v\000i\000-\000C\000i\000v\000i\000t\000a\000\040\000S\000y\000m\000b\000o\000l}{section.1}% 18
\BOOKMARK [2][-]{subsection.1.7}{\376\377\000D\000e\000t\000e\000r\000m\000i\000n\000a\000n\000t\000\040\000I\000d\000e\000n\000t\000i\000t\000y\000\040\000\050\000V\000e\000c\000t\000o\000r\000\040\000F\000o\000r\000m\000\051}{section.1}% 19
\BOOKMARK [2][-]{subsection.1.8}{\376\377\000E\000x\000i\000s\000t\000e\000n\000c\000e\000\040\000o\000f\000\040\000t\000h\000e\000\040\000I\000n\000v\000e\000r\000s\000e\000\040\000M\000a\000t\000r\000i\000x}{section.1}% 20
\BOOKMARK [3][-]{subsubsection.1.8.1}{\376\377\000I\000n\000v\000e\000r\000s\000e\000\040\000i\000n\000\040\000I\000n\000d\000e\000x\000\040\000N\000o\000t\000a\000t\000i\000o\000n}{subsection.1.8}% 21
\BOOKMARK [2][-]{subsection.1.9}{\376\377\000S\000u\000m\000m\000a\000r\000y\000\040\000o\000f\000\040\000K\000e\000y\000\040\000D\000e\000t\000e\000r\000m\000i\000n\000a\000n\000t\000\040\000R\000e\000l\000a\000t\000i\000o\000n\000s}{section.1}% 22
\BOOKMARK [2][-]{subsection.1.10}{\376\377\000C\000o\000o\000r\000d\000i\000n\000a\000t\000e\000\040\000T\000r\000a\000n\000s\000f\000o\000r\000m\000a\000t\000i\000o\000n\000s\000\040\000a\000n\000d\000\040\000T\000e\000n\000s\000o\000r\000\040\000T\000r\000a\000n\000s\000f\000o\000r\000m\000a\000t\000i\000o\000n\000s}{section.1}% 23
\BOOKMARK [3][-]{subsubsection.1.10.1}{\376\377\000C\000o\000o\000r\000d\000i\000n\000a\000t\000e\000\040\000S\000y\000s\000t\000e\000m\000s}{subsection.1.10}% 24
\BOOKMARK [3][-]{subsubsection.1.10.2}{\376\377\000T\000r\000a\000n\000s\000f\000o\000r\000m\000a\000t\000i\000o\000n\000\040\000M\000a\000t\000r\000i\000x}{subsection.1.10}% 25
\BOOKMARK [3][-]{subsubsection.1.10.3}{\376\377\000O\000r\000t\000h\000o\000g\000o\000n\000a\000l\000\040\000T\000r\000a\000n\000s\000f\000o\000r\000m\000a\000t\000i\000o\000n\000\040\000R\000e\000l\000a\000t\000i\000o\000n\000s}{subsection.1.10}% 26
\BOOKMARK [3][-]{subsubsection.1.10.4}{\376\377\000T\000r\000a\000n\000s\000f\000o\000r\000m\000a\000t\000i\000o\000n\000\040\000o\000f\000\040\000C\000o\000o\000r\000d\000i\000n\000a\000t\000e\000s}{subsection.1.10}% 27
\BOOKMARK [3][-]{subsubsection.1.10.5}{\376\377\000E\000x\000a\000m\000p\000l\000e\000:\000\040\000R\000o\000t\000a\000t\000i\000o\000n\000\040\000A\000b\000o\000u\000t\000\040\000\040\000e\0003\000\040}{subsection.1.10}% 28
\BOOKMARK [2][-]{subsection.1.11}{\376\377\000T\000r\000a\000n\000s\000f\000o\000r\000m\000a\000t\000i\000o\000n\000\040\000o\000f\000\040\000V\000e\000c\000t\000o\000r\000s}{section.1}% 29
\BOOKMARK [3][-]{subsubsection.1.11.1}{\376\377\000T\000e\000n\000s\000o\000r\000\040\000\050\000D\000y\000a\000d\000i\000c\000\051\000\040\000P\000r\000o\000d\000u\000c\000t\000\040\000o\000f\000\040\000T\000w\000o\000\040\000V\000e\000c\000t\000o\000r\000s}{subsection.1.11}% 30
\BOOKMARK [3][-]{subsubsection.1.11.2}{\376\377\000C\000a\000r\000t\000e\000s\000i\000a\000n\000\040\000T\000e\000n\000s\000o\000r\000s\000\040\000o\000f\000\040\000F\000i\000r\000s\000t\000\040\000O\000r\000d\000e\000r}{subsection.1.11}% 31
\BOOKMARK [3][-]{subsubsection.1.11.3}{\376\377\000S\000u\000m\000m\000a\000r\000y}{subsection.1.11}% 32
\BOOKMARK [2][-]{subsection.1.12}{\376\377\000C\000a\000r\000t\000e\000s\000i\000a\000n\000\040\000T\000e\000n\000s\000o\000r\000s\000\040\000a\000n\000d\000\040\000T\000e\000n\000s\000o\000r\000\040\000A\000l\000g\000e\000b\000r\000a}{section.1}% 33
\BOOKMARK [3][-]{subsubsection.1.12.1}{\376\377\000S\000e\000c\000o\000n\000d\000-\000O\000r\000d\000e\000r\000\040\000C\000a\000r\000t\000e\000s\000i\000a\000n\000\040\000T\000e\000n\000s\000o\000r\000s\000\040\000\050\000M\000a\000t\000r\000i\000x\000\040\000F\000o\000r\000m\000\051}{subsection.1.12}% 34
\BOOKMARK [3][-]{subsubsection.1.12.2}{\376\377\000Z\000e\000r\000o\000-\000O\000r\000d\000e\000r\000\040\000T\000e\000n\000s\000o\000r\000\040\000\050\000S\000c\000a\000l\000a\000r\000\051}{subsection.1.12}% 35
\BOOKMARK [3][-]{subsubsection.1.12.3}{\376\377\000T\000r\000a\000c\000e\000\040\000o\000f\000\040\000a\000\040\000T\000e\000n\000s\000o\000r}{subsection.1.12}% 36
\BOOKMARK [3][-]{subsubsection.1.12.4}{\376\377\000P\000r\000o\000d\000u\000c\000t\000\040\000B\000e\000t\000w\000e\000e\000n\000\040\000T\000e\000n\000s\000o\000r\000s}{subsection.1.12}% 37
\BOOKMARK [3][-]{subsubsection.1.12.5}{\376\377\000I\000d\000e\000n\000t\000i\000t\000y\000\040\000T\000e\000n\000s\000o\000r}{subsection.1.12}% 38
\BOOKMARK [3][-]{subsubsection.1.12.6}{\376\377\000P\000e\000r\000m\000u\000t\000a\000t\000i\000o\000n\000\040\000T\000e\000n\000s\000o\000r\000\040\000o\000f\000\040\000O\000r\000d\000e\000r\000\040\0003}{subsection.1.12}% 39
\BOOKMARK [3][-]{subsubsection.1.12.7}{\376\377\000T\000e\000n\000s\000o\000r\000\040\000P\000r\000o\000p\000e\000r\000t\000i\000e\000s}{subsection.1.12}% 40
\BOOKMARK [3][-]{subsubsection.1.12.8}{\376\377\000T\000e\000n\000s\000o\000r\000\040\000T\000r\000a\000n\000s\000p\000o\000s\000e}{subsection.1.12}% 41
\BOOKMARK [3][-]{subsubsection.1.12.9}{\376\377\000T\000e\000n\000s\000o\000r\000\040\000I\000n\000v\000e\000r\000s\000e}{subsection.1.12}% 42
\BOOKMARK [3][-]{subsubsection.1.12.10}{\376\377\000O\000r\000t\000h\000o\000g\000o\000n\000a\000l\000\040\000T\000e\000n\000s\000o\000r\000s}{subsection.1.12}% 43
\BOOKMARK [3][-]{subsubsection.1.12.11}{\376\377\000T\000e\000n\000s\000o\000r\000\040\000S\000y\000m\000m\000e\000t\000r\000i\000c\000\040\000a\000n\000d\000\040\000A\000n\000t\000i\000s\000y\000m\000m\000e\000t\000r\000i\000c\000\040\000P\000a\000r\000t\000s}{subsection.1.12}% 44
\BOOKMARK [3][-]{subsubsection.1.12.12}{\376\377\000T\000e\000n\000s\000o\000r\000\040\000I\000n\000v\000a\000r\000i\000a\000n\000t\000s}{subsection.1.12}% 45
\BOOKMARK [3][-]{subsubsection.1.12.13}{\376\377\000T\000e\000n\000s\000o\000r\000\040\000I\000d\000e\000n\000t\000i\000t\000y\000\040\000a\000n\000d\000\040\000O\000r\000t\000h\000o\000g\000o\000n\000a\000l\000i\000t\000y\000\040\000E\000x\000a\000m\000p\000l\000e}{subsection.1.12}% 46
\BOOKMARK [3][-]{subsubsection.1.12.14}{\376\377\000S\000u\000m\000m\000a\000r\000y\000\040\000T\000a\000b\000l\000e}{subsection.1.12}% 47
\BOOKMARK [2][-]{subsection.1.13}{\376\377\000T\000e\000n\000s\000o\000r\000\040\000I\000n\000v\000a\000r\000i\000a\000n\000t\000s\000,\000\040\000E\000i\000g\000e\000n\000v\000a\000l\000u\000e\000s\000,\000\040\000a\000n\000d\000\040\000D\000i\000f\000f\000e\000r\000e\000n\000t\000i\000a\000l\000\040\000O\000p\000e\000r\000a\000t\000o\000r\000s}{section.1}% 48
\BOOKMARK [3][-]{subsubsection.1.13.1}{\376\377\000F\000i\000r\000s\000t\000-\000O\000r\000d\000e\000r\000\040\000T\000e\000n\000s\000o\000r\000\040\000\050\000V\000e\000c\000t\000o\000r\000\051}{subsection.1.13}% 49
\BOOKMARK [3][-]{subsubsection.1.13.2}{\376\377\000S\000e\000c\000o\000n\000d\000-\000O\000r\000d\000e\000r\000\040\000T\000e\000n\000s\000o\000r\000\040\000\050\000M\000a\000t\000r\000i\000x\000\051}{subsection.1.13}% 50
\BOOKMARK [3][-]{subsubsection.1.13.3}{\376\377\000T\000h\000i\000r\000d\000-\000O\000r\000d\000e\000r\000\040\000T\000e\000n\000s\000o\000r\000\040\000C\000o\000n\000t\000r\000a\000c\000t\000i\000o\000n}{subsection.1.13}% 51
\BOOKMARK [3][-]{subsubsection.1.13.4}{\376\377\000T\000e\000n\000s\000o\000r\000\040\000I\000n\000v\000a\000r\000i\000a\000n\000t\000s}{subsection.1.13}% 52
\BOOKMARK [3][-]{subsubsection.1.13.5}{\376\377\000P\000r\000o\000p\000e\000r\000t\000i\000e\000s\000\040\000o\000f\000\040\000D\000e\000t\000e\000r\000m\000i\000n\000a\000n\000t\000s}{subsection.1.13}% 53
\BOOKMARK [3][-]{subsubsection.1.13.6}{\376\377\000A\000d\000j\000u\000g\000a\000t\000e\000\040\000\050\000A\000d\000j\000o\000i\000n\000t\000\051\000\040\000T\000e\000n\000s\000o\000r}{subsection.1.13}% 54
\BOOKMARK [3][-]{subsubsection.1.13.7}{\376\377\000E\000i\000g\000e\000n\000v\000a\000l\000u\000e\000s\000\040\000a\000n\000d\000\040\000E\000i\000g\000e\000n\000v\000e\000c\000t\000o\000r\000s}{subsection.1.13}% 55
\BOOKMARK [3][-]{subsubsection.1.13.8}{\376\377\000C\000a\000y\000l\000e\000y\040\023\000H\000a\000m\000i\000l\000t\000o\000n\000\040\000T\000h\000e\000o\000r\000e\000m}{subsection.1.13}% 56
\BOOKMARK [3][-]{subsubsection.1.13.9}{\376\377\000S\000y\000m\000m\000e\000t\000r\000i\000c\000\040\000T\000e\000n\000s\000o\000r\000s}{subsection.1.13}% 57
\BOOKMARK [3][-]{subsubsection.1.13.10}{\376\377\000O\000r\000t\000h\000o\000g\000o\000n\000a\000l\000i\000t\000y\000\040\000o\000f\000\040\000E\000i\000g\000e\000n\000v\000e\000c\000t\000o\000r\000s}{subsection.1.13}% 58
\BOOKMARK [3][-]{subsubsection.1.13.11}{\376\377\000R\000o\000o\000t\000\040\000M\000u\000l\000t\000i\000p\000l\000i\000c\000i\000t\000y}{subsection.1.13}% 59
\BOOKMARK [3][-]{subsubsection.1.13.12}{\376\377\000P\000r\000i\000n\000c\000i\000p\000a\000l\000\040\000A\000x\000e\000s\000\040\000T\000h\000e\000o\000r\000e\000m}{subsection.1.13}% 60
\BOOKMARK [3][-]{subsubsection.1.13.13}{\376\377\000G\000r\000a\000d\000i\000e\000n\000t\000\040\000o\000f\000\040\000a\000\040\000S\000c\000a\000l\000a\000r\000\040\000F\000i\000e\000l\000d}{subsection.1.13}% 61
\BOOKMARK [3][-]{subsubsection.1.13.14}{\376\377\000D\000i\000r\000e\000c\000t\000i\000o\000n\000a\000l\000\040\000D\000e\000r\000i\000v\000a\000t\000i\000v\000e}{subsection.1.13}% 62
\BOOKMARK [3][-]{subsubsection.1.13.15}{\376\377\000G\000r\000a\000d\000i\000e\000n\000t\000\040\000o\000f\000\040\000a\000\040\000V\000e\000c\000t\000o\000r\000\040\000F\000i\000e\000l\000d}{subsection.1.13}% 63
\BOOKMARK [2][-]{subsection.1.14}{\376\377\000S\000u\000m\000m\000a\000r\000y\000\040\000T\000a\000b\000l\000e\000\040\000o\000f\000\040\000T\000e\000n\000s\000o\000r\000\040\000P\000r\000o\000p\000e\000r\000t\000i\000e\000s}{section.1}% 64
\BOOKMARK [1][-]{section.2}{\376\377\000M\000o\000t\000i\000o\000n\000\040\000o\000f\000\040\000a\000\040\000C\000o\000n\000t\000i\000n\000u\000u\000m}{}% 65
\BOOKMARK [2][-]{subsection.2.1}{\376\377\000M\000a\000t\000e\000r\000i\000a\000l\000\040\000a\000n\000d\000\040\000S\000p\000a\000t\000i\000a\000l\000\040\000D\000e\000s\000c\000r\000i\000p\000t\000i\000o\000n\000s}{section.2}% 66
\BOOKMARK [2][-]{subsection.2.2}{\376\377\000D\000i\000s\000p\000l\000a\000c\000e\000m\000e\000n\000t\000\040\000a\000n\000d\000\040\000V\000e\000l\000o\000c\000i\000t\000y}{section.2}% 67
\BOOKMARK [2][-]{subsection.2.3}{\376\377\000M\000a\000t\000e\000r\000i\000a\000l\000\040\000D\000e\000r\000i\000v\000a\000t\000i\000v\000e}{section.2}% 68
\BOOKMARK [2][-]{subsection.2.4}{\376\377\000D\000e\000f\000o\000r\000m\000a\000t\000i\000o\000n\000\040\000A\000n\000a\000l\000y\000s\000i\000s}{section.2}% 69
\BOOKMARK [3][-]{subsubsection.2.4.1}{\376\377\000\050\000i\000\051\000\040\000A\000t\000\040\000a\000n\000y\000\040\000t\000i\000m\000e\000\040\000t}{subsection.2.4}% 70
\BOOKMARK [3][-]{subsubsection.2.4.2}{\376\377\000\050\000i\000i\000\051\000\040\000F\000o\000l\000l\000o\000w\000i\000n\000g\000\040\000a\000\040\000m\000a\000t\000e\000r\000i\000a\000l\000\040\000p\000a\000r\000t\000i\000c\000l\000e\000\040\000\050\000X\000\040\000=\000\040\000c\000o\000n\000s\000t\000\051}{subsection.2.4}% 71
\BOOKMARK [3][-]{subsubsection.2.4.3}{\376\377\000C\000h\000a\000n\000g\000e\000\040\000i\000n\000\040\000l\000e\000n\000g\000t\000h}{subsection.2.4}% 72
\BOOKMARK [3][-]{subsubsection.2.4.4}{\376\377\000C\000o\000n\000f\000i\000g\000u\000r\000a\000t\000i\000o\000n\000\040\000c\000o\000m\000p\000a\000r\000i\000s\000o\000n\000\040\000a\000n\000d\000\040\000m\000a\000p\000p\000i\000n\000g}{subsection.2.4}% 73
\BOOKMARK [2][-]{subsection.2.5}{\376\377\000R\000o\000t\000a\000t\000i\000o\000n\000\040\000T\000e\000n\000s\000o\000r}{section.2}% 74
\BOOKMARK [3][-]{subsubsection.2.5.1}{\376\377\000R\000o\000t\000a\000t\000i\000o\000n\000\040\000T\000e\000n\000s\000o\000r\000\040\040\024\000\040\000O\000r\000t\000h\000o\000g\000o\000n\000a\000l\000\040\000M\000a\000t\000r\000i\000x\000\040\000F\000o\000r\000m}{subsection.2.5}% 75
\BOOKMARK [3][-]{subsubsection.2.5.2}{\376\377\000R\000o\000t\000a\000t\000i\000o\000n\000\040\000T\000e\000n\000s\000o\000r\000:\000\040\000A\000x\000i\000s\000\040\000o\000f\000\040\000R\000o\000t\000a\000t\000i\000o\000n\000\040\000a\000n\000d\000\040\000M\000a\000t\000r\000i\000x\000\040\000F\000o\000r\000m}{subsection.2.5}% 76
\BOOKMARK [3][-]{subsubsection.2.5.3}{\376\377\000G\000e\000o\000m\000e\000t\000r\000i\000c\000\040\000I\000n\000t\000e\000r\000p\000r\000e\000t\000a\000t\000i\000o\000n\000\040\000o\000f\000\040\000t\000h\000e\000\040\000R\000o\000t\000a\000t\000i\000o\000n\000\040\000T\000e\000n\000s\000o\000r}{subsection.2.5}% 77
\BOOKMARK [3][-]{subsubsection.2.5.4}{\376\377\000R\000i\000g\000i\000d\000\040\000B\000o\000d\000y\000\040\000M\000o\000t\000i\000o\000n}{subsection.2.5}% 78
\BOOKMARK [2][-]{subsection.2.6}{\376\377\000P\000r\000i\000n\000c\000i\000p\000a\000l\000\040\000S\000t\000r\000e\000t\000c\000h\000e\000s\000\040\000a\000n\000d\000\040\000D\000i\000r\000e\000c\000t\000i\000o\000n\000s}{section.2}% 79
\BOOKMARK [3][-]{subsubsection.2.6.1}{\376\377\000S\000q\000u\000a\000r\000e\000\040\000R\000o\000o\000t\000\040\000T\000h\000e\000o\000r\000e\000m}{subsection.2.6}% 80
\BOOKMARK [3][-]{subsubsection.2.6.2}{\376\377\000P\000o\000l\000a\000r\000\040\000D\000e\000c\000o\000m\000p\000o\000s\000i\000t\000i\000o\000n\000\040\000T\000h\000e\000o\000r\000e\000m}{subsection.2.6}% 81
\BOOKMARK [3][-]{subsubsection.2.6.3}{\376\377\000G\000e\000o\000m\000e\000t\000r\000i\000c\000\040\000I\000n\000t\000e\000r\000p\000r\000e\000t\000a\000t\000i\000o\000n\000\040\000o\000f\000\040\000U\000\040\000a\000n\000d\000\040\000R}{subsection.2.6}% 82
\BOOKMARK [3][-]{subsubsection.2.6.4}{\376\377\000L\000e\000f\000t\000\040\000C\000a\000u\000c\000h\000y\040\023\000G\000r\000e\000e\000n\000\040\000D\000e\000f\000o\000r\000m\000a\000t\000i\000o\000n\000\040\000T\000e\000n\000s\000o\000r}{subsection.2.6}% 83
\BOOKMARK [3][-]{subsubsection.2.6.5}{\376\377\000E\000i\000g\000e\000n\000v\000a\000l\000u\000e\000\040\000R\000e\000l\000a\000t\000i\000o\000n\000s}{subsection.2.6}% 84
\BOOKMARK [3][-]{subsubsection.2.6.6}{\376\377\000P\000r\000i\000n\000c\000i\000p\000a\000l\000\040\000D\000i\000r\000e\000c\000t\000i\000o\000n\000s\000\040\000o\000f\000\040\000C\000\040\000a\000n\000d\000\040\000U}{subsection.2.6}% 85
\BOOKMARK [3][-]{subsubsection.2.6.7}{\376\377\000S\000u\000m\000m\000a\000r\000y\000\040\000D\000i\000a\000g\000r\000a\000m}{subsection.2.6}% 86
\BOOKMARK [2][-]{subsection.2.7}{\376\377\000G\000e\000n\000e\000r\000a\000l\000\040\000S\000t\000r\000a\000i\000n\000\040\000T\000e\000n\000s\000o\000r}{section.2}% 87
\BOOKMARK [3][-]{subsubsection.2.7.1}{\376\377\000G\000r\000e\000e\000n\040\023\000L\000a\000g\000r\000a\000n\000g\000e\000\040\000S\000t\000r\000a\000i\000n\000\040\000T\000e\000n\000s\000o\000r}{subsection.2.7}% 88
\BOOKMARK [3][-]{subsubsection.2.7.2}{\376\377\000R\000i\000g\000i\000d\000\040\000B\000o\000d\000y\000\040\000M\000o\000t\000i\000o\000n}{subsection.2.7}% 89
\BOOKMARK [3][-]{subsubsection.2.7.3}{\376\377\000I\000n\000f\000i\000n\000i\000t\000e\000s\000i\000m\000a\000l\000\040\000\050\000S\000m\000a\000l\000l\000\051\000\040\000S\000t\000r\000a\000i\000n\000\040\000A\000p\000p\000r\000o\000x\000i\000m\000a\000t\000i\000o\000n}{subsection.2.7}% 90
\BOOKMARK [3][-]{subsubsection.2.7.4}{\376\377\000A\000l\000m\000a\000n\000s\000i\000\040\000\050\000E\000u\000l\000e\000r\000i\000a\000n\000\051\000\040\000S\000t\000r\000a\000i\000n\000\040\000T\000e\000n\000s\000o\000r}{subsection.2.7}% 91
\BOOKMARK [3][-]{subsubsection.2.7.5}{\376\377\000E\000x\000a\000m\000p\000l\000e\000:\000\040\000S\000i\000m\000p\000l\000e\000\040\000S\000h\000e\000a\000r}{subsection.2.7}% 92
\BOOKMARK [3][-]{subsubsection.2.7.6}{\376\377\000E\000x\000t\000e\000n\000s\000i\000o\000n}{subsection.2.7}% 93
\BOOKMARK [3][-]{subsubsection.2.7.7}{\376\377\000S\000m\000a\000l\000l\000\040\000D\000e\000f\000o\000r\000m\000a\000t\000i\000o\000n\000\040\000\050\000I\000n\000f\000i\000n\000i\000t\000e\000s\000i\000m\000a\000l\000\040\000S\000t\000r\000a\000i\000n\000\051}{subsection.2.7}% 94
\BOOKMARK [3][-]{subsubsection.2.7.8}{\376\377\000G\000e\000o\000m\000e\000t\000r\000i\000c\000\040\000I\000n\000t\000e\000r\000p\000r\000e\000t\000a\000t\000i\000o\000n\000\040\000o\000f\000\040\000I\000n\000f\000i\000n\000i\000t\000e\000s\000i\000m\000a\000l\000\040\000S\000t\000r\000a\000i\000n}{subsection.2.7}% 95
\BOOKMARK [3][-]{subsubsection.2.7.9}{\376\377\000E\000n\000g\000i\000n\000e\000e\000r\000i\000n\000g\000\040\000S\000h\000e\000a\000r\000\040\000S\000t\000r\000a\000i\000n}{subsection.2.7}% 96
\BOOKMARK [2][-]{subsection.2.8}{\376\377\000I\000n\000f\000i\000n\000i\000t\000e\000s\000i\000m\000a\000l\000\040\000S\000t\000r\000a\000i\000n\000\040\000T\000e\000n\000s\000o\000r}{section.2}% 97
\BOOKMARK [3][-]{subsubsection.2.8.1}{\376\377\000G\000e\000o\000m\000e\000t\000r\000i\000c\000\040\000I\000n\000t\000e\000r\000p\000r\000e\000t\000a\000t\000i\000o\000n}{subsection.2.8}% 98
\BOOKMARK [3][-]{subsubsection.2.8.2}{\376\377\000S\000h\000e\000a\000r\000\040\000S\000t\000r\000a\000i\000n\000\040\000a\000n\000d\000\040\000R\000o\000t\000a\000t\000i\000o\000n\000\040\000o\000f\000\040\000F\000i\000b\000e\000r\000s}{subsection.2.8}% 99
\BOOKMARK [3][-]{subsubsection.2.8.3}{\376\377\000I\000n\000f\000i\000n\000i\000t\000e\000s\000i\000m\000a\000l\000\040\000R\000o\000t\000a\000t\000i\000o\000n\000\040\000T\000e\000n\000s\000o\000r}{subsection.2.8}% 100
\BOOKMARK [3][-]{subsubsection.2.8.4}{\376\377\000D\000e\000c\000o\000m\000p\000o\000s\000i\000t\000i\000o\000n\000\040\000o\000f\000\040\000t\000h\000e\000\040\000D\000i\000s\000p\000l\000a\000c\000e\000m\000e\000n\000t\000\040\000G\000r\000a\000d\000i\000e\000n\000t}{subsection.2.8}% 101
\BOOKMARK [3][-]{subsubsection.2.8.5}{\376\377\000R\000i\000g\000i\000d\000\040\000B\000o\000d\000y\000\040\000M\000o\000t\000i\000o\000n}{subsection.2.8}% 102
\BOOKMARK [3][-]{subsubsection.2.8.6}{\376\377\000A\000x\000i\000a\000l\000\040\000V\000e\000c\000t\000o\000r\000\040\000o\000f\000\040\000t\000h\000e\000\040\000I\000n\000f\000i\000n\000i\000t\000e\000s\000i\000m\000a\000l\000\040\000R\000o\000t\000a\000t\000i\000o\000n\000\040\000T\000e\000n\000s\000o\000r}{subsection.2.8}% 103
\BOOKMARK [2][-]{subsection.2.9}{\376\377\000I\000n\000f\000i\000n\000i\000t\000e\000s\000i\000m\000a\000l\000\040\000R\000o\000t\000a\000t\000i\000o\000n\000\040\000a\000n\000d\000\040\000V\000o\000l\000u\000m\000e\000\040\000C\000h\000a\000n\000g\000e}{section.2}% 104
\BOOKMARK [3][-]{subsubsection.2.9.1}{\376\377\000I\000n\000f\000i\000n\000i\000t\000e\000s\000i\000m\000a\000l\000\040\000R\000o\000t\000a\000t\000i\000o\000n\000\040\000F\000i\000e\000l\000d}{subsection.2.9}% 105
\BOOKMARK [3][-]{subsubsection.2.9.2}{\376\377\000A\000n\000g\000l\000e\000\040\000o\000f\000\040\000R\000o\000t\000a\000t\000i\000o\000n}{subsection.2.9}% 106
\BOOKMARK [2][-]{subsection.2.10}{\376\377\000J\000a\000c\000o\000b\000i\000a\000n\000\040\000a\000n\000d\000\040\000V\000o\000l\000u\000m\000e\000\040\000C\000h\000a\000n\000g\000e}{section.2}% 107
\BOOKMARK [3][-]{subsubsection.2.10.1}{\376\377\000P\000r\000i\000n\000c\000i\000p\000a\000l\000\040\000D\000i\000r\000e\000c\000t\000i\000o\000n\000s}{subsection.2.10}% 108
\BOOKMARK [3][-]{subsubsection.2.10.2}{\376\377\000I\000n\000f\000i\000n\000i\000t\000e\000s\000i\000m\000a\000l\000\040\000V\000o\000l\000u\000m\000e\000\040\000C\000h\000a\000n\000g\000e}{subsection.2.10}% 109
\BOOKMARK [3][-]{subsubsection.2.10.3}{\376\377\000U\000n\000i\000f\000o\000r\000m\000\040\000D\000i\000l\000a\000t\000a\000t\000i\000o\000n}{subsection.2.10}% 110
\BOOKMARK [3][-]{subsubsection.2.10.4}{\376\377\000P\000u\000r\000e\000\040\000S\000h\000e\000a\000r\000\040\000u\000n\000d\000e\000r\000\040\000S\000m\000a\000l\000l\000\040\000S\000t\000r\000a\000i\000n\000s\000\040\000\050\000I\000s\000o\000c\000h\000o\000r\000i\000c\000\040\000C\000a\000s\000e\000\051}{subsection.2.10}% 111
\BOOKMARK [3][-]{subsubsection.2.10.5}{\376\377\000F\000i\000e\000l\000d\000\040\000w\000i\000t\000h\000\040\000R\000o\000t\000a\000t\000i\000o\000n\000\040\000C\000o\000m\000p\000o\000n\000e\000n\000t}{subsection.2.10}% 112
\BOOKMARK [3][-]{subsubsection.2.10.6}{\376\377\000E\000l\000i\000m\000i\000n\000a\000t\000i\000n\000g\000\040\000t\000h\000e\000\040\000R\000o\000t\000a\000t\000i\000o\000n\000\040\000\050\000O\000b\000t\000a\000i\000n\000i\000n\000g\000\040\000P\000u\000r\000e\000\040\000S\000h\000e\000a\000r\000\051}{subsection.2.10}% 113
\BOOKMARK [3][-]{subsubsection.2.10.7}{\376\377\000G\000e\000n\000e\000r\000a\000l\000\040\000R\000e\000l\000a\000t\000i\000o\000n\000\040\000f\000o\000r\000\040\000S\000m\000a\000l\000l\000\040\000S\000t\000r\000a\000i\000n}{subsection.2.10}% 114
\BOOKMARK [2][-]{subsection.2.11}{\376\377\000C\000o\000m\000p\000a\000t\000i\000b\000i\000l\000i\000t\000y\000\040\000E\000q\000u\000a\000t\000i\000o\000n\000s}{section.2}% 115
\BOOKMARK [3][-]{subsubsection.2.11.1}{\376\377\000I\000n\000d\000e\000p\000e\000n\000d\000e\000n\000t\000\040\000E\000q\000u\000a\000t\000i\000o\000n\000s}{subsection.2.11}% 116
\BOOKMARK [3][-]{subsubsection.2.11.2}{\376\377\000G\000e\000o\000m\000e\000t\000r\000i\000c\000\040\000I\000n\000t\000e\000r\000p\000r\000e\000t\000a\000t\000i\000o\000n}{subsection.2.11}% 117
\BOOKMARK [3][-]{subsubsection.2.11.3}{\376\377\000P\000a\000t\000h\000-\000I\000n\000d\000e\000p\000e\000n\000d\000e\000n\000c\000e\000\040\000a\000n\000d\000\040\000S\000i\000n\000g\000l\000e\000-\000V\000a\000l\000u\000e\000d\000n\000e\000s\000s\000\040\000o\000f\000\040\000u\000i}{subsection.2.11}% 118
\BOOKMARK [3][-]{subsubsection.2.11.4}{\376\377\000C\000\351\000s\000a\000r\000o\000\040\000L\000i\000n\000e\000\040\000I\000n\000t\000e\000g\000r\000a\000l\000\040\000F\000o\000r\000m\000u\000l\000a\000t\000i\000o\000n}{subsection.2.11}% 119
\BOOKMARK [3][-]{subsubsection.2.11.5}{\376\377\000P\000h\000y\000s\000i\000c\000a\000l\000\040\000M\000e\000a\000n\000i\000n\000g}{subsection.2.11}% 120
\BOOKMARK [1][-]{section.3}{\376\377\000B\000a\000l\000a\000n\000c\000e\000\040\000L\000a\000w\000s}{}% 121
\BOOKMARK [2][-]{subsection.3.1}{\376\377\000F\000u\000n\000d\000a\000m\000e\000n\000t\000a\000l\000\040\000P\000o\000s\000t\000u\000l\000a\000t\000e\000s}{section.3}% 122
\BOOKMARK [3][-]{subsubsection.3.1.1}{\376\377\000D\000e\000n\000s\000i\000t\000y}{subsection.3.1}% 123
\BOOKMARK [3][-]{subsubsection.3.1.2}{\376\377\000B\000o\000d\000y\000\040\000F\000o\000r\000c\000e}{subsection.3.1}% 124
\BOOKMARK [3][-]{subsubsection.3.1.3}{\376\377\000T\000r\000a\000c\000t\000i\000o\000n\000\040\000\050\000S\000u\000r\000f\000a\000c\000e\000\040\000F\000o\000r\000c\000e\000\051}{subsection.3.1}% 125
\BOOKMARK [2][-]{subsection.3.2}{\376\377\000C\000a\000u\000c\000h\000y\040\031\000s\000\040\000T\000h\000e\000o\000r\000e\000m}{section.3}% 126
\BOOKMARK [2][-]{subsection.3.3}{\376\377\000L\000o\000c\000a\000l\000i\000z\000a\000t\000i\000o\000n\000\040\000T\000h\000e\000o\000r\000e\000m}{section.3}% 127
\BOOKMARK [2][-]{subsection.3.4}{\376\377\000C\000o\000n\000s\000e\000r\000v\000a\000t\000i\000o\000n\000\040\000o\000f\000\040\000M\000a\000s\000s}{section.3}% 128
\BOOKMARK [3][-]{subsubsection.3.4.1}{\376\377\000L\000a\000g\000r\000a\000n\000g\000i\000a\000n\000\040\000\050\000M\000a\000t\000e\000r\000i\000a\000l\000\051\000\040\000F\000o\000r\000m\000u\000l\000a\000t\000i\000o\000n}{subsection.3.4}% 129
\BOOKMARK [3][-]{subsubsection.3.4.2}{\376\377\000E\000u\000l\000e\000r\000i\000a\000n\000\040\000\050\000S\000p\000a\000t\000i\000a\000l\000\051\000\040\000F\000o\000r\000m\000u\000l\000a\000t\000i\000o\000n}{subsection.3.4}% 130
\BOOKMARK [3][-]{subsubsection.3.4.3}{\376\377\000I\000n\000c\000o\000m\000p\000r\000e\000s\000s\000i\000b\000i\000l\000i\000t\000y}{subsection.3.4}% 131
\BOOKMARK [3][-]{subsubsection.3.4.4}{\376\377\000R\000e\000l\000a\000t\000i\000o\000n\000\040\000B\000e\000t\000w\000e\000e\000n\000\040\000L\000a\000g\000r\000a\000n\000g\000i\000a\000n\000\040\000a\000n\000d\000\040\000E\000u\000l\000e\000r\000i\000a\000n\000\040\000F\000o\000r\000m\000s}{subsection.3.4}% 132
\BOOKMARK [3][-]{subsubsection.3.4.5}{\376\377\000R\000e\000y\000n\000o\000l\000d\000s\000\040\000T\000r\000a\000n\000s\000p\000o\000r\000t\000\040\000T\000h\000e\000o\000r\000e\000m\000\040\000\050\000R\000T\000T\000\051}{subsection.3.4}% 133
\BOOKMARK [2][-]{subsection.3.5}{\376\377\000L\000a\000w\000s\000\040\000o\000f\000\040\000M\000o\000t\000i\000o\000n}{section.3}% 134
\BOOKMARK [3][-]{subsubsection.3.5.1}{\376\377\000L\000i\000n\000e\000a\000r\000\040\000M\000o\000m\000e\000n\000t\000u\000m\000\040\000\050\000F\000o\000r\000c\000e\000\040\000E\000q\000u\000i\000l\000i\000b\000r\000i\000u\000m\000\051}{subsection.3.5}% 135
\BOOKMARK [3][-]{subsubsection.3.5.2}{\376\377\000A\000n\000g\000u\000l\000a\000r\000\040\000M\000o\000m\000e\000n\000t\000u\000m\000\040\000\050\000M\000o\000m\000e\000n\000t\000\040\000E\000q\000u\000i\000l\000i\000b\000r\000i\000u\000m\000\051}{subsection.3.5}% 136
\BOOKMARK [2][-]{subsection.3.6}{\376\377\000G\000l\000o\000b\000a\000l\000\040\000C\000o\000n\000s\000e\000r\000v\000a\000t\000i\000o\000n\000\040\000o\000f\000\040\000L\000i\000n\000e\000a\000r\000\040\000M\000o\000m\000e\000n\000t\000u\000m}{section.3}% 137
\BOOKMARK [3][-]{subsubsection.3.6.1}{\376\377\000D\000i\000v\000e\000r\000g\000e\000n\000c\000e\000\040\000T\000h\000e\000o\000r\000e\000m\000\040\000a\000n\000d\000\040\000L\000o\000c\000a\000l\000i\000z\000a\000t\000i\000o\000n}{subsection.3.6}% 138
\BOOKMARK [3][-]{subsubsection.3.6.2}{\376\377\000Q\000u\000a\000s\000i\000-\000s\000t\000a\000t\000i\000c\000\040\000M\000o\000t\000i\000o\000n}{subsection.3.6}% 139
\BOOKMARK [3][-]{subsubsection.3.6.3}{\376\377\000G\000l\000o\000b\000a\000l\000\040\000C\000o\000n\000s\000e\000r\000v\000a\000t\000i\000o\000n\000\040\000o\000f\000\040\000A\000n\000g\000u\000l\000a\000r\000\040\000M\000o\000m\000e\000n\000t\000u\000m}{subsection.3.6}% 140
\BOOKMARK [3][-]{subsubsection.3.6.4}{\376\377\000S\000u\000m\000m\000a\000r\000y\000\040\000o\000f\000\040\000B\000a\000l\000a\000n\000c\000e\000\040\000L\000a\000w\000s}{subsection.3.6}% 141
\BOOKMARK [3][-]{subsubsection.3.6.5}{\376\377\000I\000n\000t\000e\000r\000p\000r\000e\000t\000a\000t\000i\000o\000n}{subsection.3.6}% 142
\BOOKMARK [2][-]{subsection.3.7}{\376\377\000P\000r\000i\000n\000c\000i\000p\000a\000l\000\040\000a\000n\000d\000\040\000S\000h\000e\000a\000r\000\040\000S\000t\000r\000e\000s\000s\000e\000s}{section.3}% 143
\BOOKMARK [3][-]{subsubsection.3.7.1}{\376\377\000E\000x\000a\000m\000p\000l\000e\000:\000\040\000B\000e\000n\000d\000i\000n\000g\000\040\000S\000t\000r\000e\000s\000s}{subsection.3.7}% 144
\BOOKMARK [3][-]{subsubsection.3.7.2}{\376\377\000T\000r\000a\000c\000t\000i\000o\000n\000\040\000a\000n\000d\000\040\000N\000o\000r\000m\000a\000l\000\040\000S\000t\000r\000e\000s\000s}{subsection.3.7}% 145
\BOOKMARK [3][-]{subsubsection.3.7.3}{\376\377\000E\000q\000u\000i\000l\000i\000b\000r\000i\000u\000m\000\040\000E\000q\000u\000a\000t\000i\000o\000n\000s}{subsection.3.7}% 146
\BOOKMARK [3][-]{subsubsection.3.7.4}{\376\377\000S\000t\000r\000e\000s\000s\000\040\000D\000e\000c\000o\000m\000p\000o\000s\000i\000t\000i\000o\000n}{subsection.3.7}% 147
\BOOKMARK [2][-]{subsection.3.8}{\376\377\000M\000a\000x\000i\000m\000u\000m\000\040\000S\000h\000e\000a\000r\000\040\000S\000t\000r\000e\000s\000s}{section.3}% 148
\BOOKMARK [3][-]{subsubsection.3.8.1}{\376\377\000S\000u\000m\000m\000a\000r\000y}{subsection.3.8}% 149
\BOOKMARK [2][-]{subsection.3.9}{\376\377\000A\000l\000t\000e\000r\000n\000a\000t\000i\000v\000e\000\040\000S\000t\000r\000e\000s\000s\000\040\000M\000e\000a\000s\000u\000r\000e\000s}{section.3}% 150
\BOOKMARK [3][-]{subsubsection.3.9.1}{\376\377\000I\000n\000v\000a\000r\000i\000a\000n\000t\000s\000\040\000o\000f\000\040\000t\000h\000e\000\040\000C\000a\000u\000c\000h\000y\000\040\000S\000t\000r\000e\000s\000s\000\040\000T\000e\000n\000s\000o\000r}{subsection.3.9}% 151
\BOOKMARK [2][-]{subsection.3.10}{\376\377\000C\000a\000u\000c\000h\000y\000\040\000a\000n\000d\000\040\000N\000o\000m\000i\000n\000a\000l\000\040\000S\000t\000r\000e\000s\000s}{section.3}% 152
\BOOKMARK [2][-]{subsection.3.11}{\376\377\000F\000i\000r\000s\000t\000\040\000P\000i\000o\000l\000a\040\023\000K\000i\000r\000c\000h\000h\000o\000f\000f\000\040\000\050\000N\000o\000m\000i\000n\000a\000l\000\051\000\040\000S\000t\000r\000e\000s\000s\000\040\000T\000e\000n\000s\000o\000r}{section.3}% 153
\BOOKMARK [3][-]{subsubsection.3.11.1}{\376\377\000R\000e\000l\000a\000t\000i\000o\000n\000\040\000B\000e\000t\000w\000e\000e\000n\000\040\000A\000r\000e\000a\000\040\000E\000l\000e\000m\000e\000n\000t\000s}{subsection.3.11}% 154
\BOOKMARK [2][-]{subsection.3.12}{\376\377\000S\000e\000c\000o\000n\000d\000\040\000P\000i\000o\000l\000a\040\023\000K\000i\000r\000c\000h\000h\000o\000f\000f\000\040\000S\000t\000r\000e\000s\000s\000\040\000T\000e\000n\000s\000o\000r}{section.3}% 155
\BOOKMARK [3][-]{subsubsection.3.12.1}{\376\377\000P\000h\000y\000s\000i\000c\000a\000l\000\040\000M\000e\000a\000n\000i\000n\000g}{subsection.3.12}% 156
\BOOKMARK [3][-]{subsubsection.3.12.2}{\376\377\000T\000r\000a\000n\000s\000f\000o\000r\000m\000a\000t\000i\000o\000n\000\040\000S\000u\000m\000m\000a\000r\000y}{subsection.3.12}% 157
\BOOKMARK [3][-]{subsubsection.3.12.3}{\376\377\000N\000o\000t\000e\000s}{subsection.3.12}% 158
\BOOKMARK [2][-]{subsection.3.13}{\376\377\000E\000n\000e\000r\000g\000y\000\040\000B\000a\000l\000a\000n\000c\000e\000\040\000a\000n\000d\000\040\000S\000t\000r\000e\000s\000s\040\023\000S\000t\000r\000a\000i\000n\000\040\000P\000o\000w\000e\000r\000\040\000C\000o\000n\000j\000u\000g\000a\000c\000y}{section.3}% 159
\BOOKMARK [3][-]{subsubsection.3.13.1}{\376\377\000P\000h\000y\000s\000i\000c\000a\000l\000\040\000M\000e\000a\000n\000i\000n\000g\000\040\000o\000f\000\040\000S\000t\000r\000e\000s\000s\000\040\000T\000r\000a\000n\000s\000f\000o\000r\000m\000a\000t\000i\000o\000n\000s}{subsection.3.13}% 160
\BOOKMARK [2][-]{subsection.3.14}{\376\377\000R\000a\000t\000e\000\040\000o\000f\000\040\000W\000o\000r\000k\000\040\000a\000n\000d\000\040\000E\000n\000e\000r\000g\000y\000\040\000B\000a\000l\000a\000n\000c\000e}{section.3}% 161
\BOOKMARK [3][-]{subsubsection.3.14.1}{\376\377\000G\000l\000o\000b\000a\000l\000\040\000F\000o\000r\000m}{subsection.3.14}% 162
\BOOKMARK [3][-]{subsubsection.3.14.2}{\376\377\000V\000e\000l\000o\000c\000i\000t\000y\000\040\000G\000r\000a\000d\000i\000e\000n\000t\000\040\000D\000e\000c\000o\000m\000p\000o\000s\000i\000t\000i\000o\000n}{subsection.3.14}% 163
\BOOKMARK [2][-]{subsection.3.15}{\376\377\000S\000t\000r\000e\000s\000s\000\040\000P\000o\000w\000e\000r\000\040\000a\000n\000d\000\040\000C\000o\000n\000j\000u\000g\000a\000t\000e\000\040\000S\000t\000r\000a\000i\000n\000\040\000M\000e\000a\000s\000u\000r\000e\000s}{section.3}% 164
\BOOKMARK [3][-]{subsubsection.3.15.1}{\376\377\000S\000u\000m\000m\000a\000r\000y\000\040\000o\000f\000\040\000E\000n\000e\000r\000g\000y\000\040\000R\000e\000l\000a\000t\000i\000o\000n\000s}{subsection.3.15}% 165
\BOOKMARK [3][-]{subsubsection.3.15.2}{\376\377\000I\000n\000t\000e\000r\000p\000r\000e\000t\000a\000t\000i\000o\000n}{subsection.3.15}% 166
\BOOKMARK [3][-]{subsubsection.3.15.3}{\376\377\000C\000o\000m\000p\000a\000c\000t\000\040\000S\000u\000m\000m\000a\000r\000y}{subsection.3.15}% 167
\BOOKMARK [2][-]{subsection.3.16}{\376\377\000R\000a\000t\000e\000\040\000o\000f\000\040\000D\000e\000f\000o\000r\000m\000a\000t\000i\000o\000n\000\040\000a\000n\000d\000\040\000W\000o\000r\000k\000\040\000C\000o\000n\000j\000u\000g\000a\000c\000y}{section.3}% 168
\BOOKMARK [3][-]{subsubsection.3.16.1}{\376\377\000K\000i\000n\000e\000m\000a\000t\000i\000c\000s\000:\000\040\000T\000i\000m\000e\000\040\000R\000a\000t\000e\000\040\000o\000f\000\040\000D\000e\000f\000o\000r\000m\000a\000t\000i\000o\000n\000\040\000G\000r\000a\000d\000i\000e\000n\000t}{subsection.3.16}% 169
\BOOKMARK [3][-]{subsubsection.3.16.2}{\376\377\000S\000t\000r\000e\000s\000s\000\040\000P\000o\000w\000e\000r\000\040\000i\000n\000\040\000D\000i\000f\000f\000e\000r\000e\000n\000t\000\040\000C\000o\000n\000f\000i\000g\000u\000r\000a\000t\000i\000o\000n\000s}{subsection.3.16}% 170
\BOOKMARK [3][-]{subsubsection.3.16.3}{\376\377\000G\000r\000e\000e\000n\040\023\000L\000a\000g\000r\000a\000n\000g\000e\000\040\000S\000t\000r\000a\000i\000n\000\040\000a\000n\000d\000\040\000i\000t\000s\000\040\000R\000a\000t\000e}{subsection.3.16}% 171
\BOOKMARK [2][-]{subsection.3.17}{\376\377\000M\000e\000a\000n\000\040\000S\000t\000r\000e\000s\000s\000\040\000T\000h\000e\000o\000r\000e\000m}{section.3}% 172
\BOOKMARK [2][-]{subsection.3.18}{\376\377\000L\000i\000n\000e\000a\000r\000\040\000E\000l\000a\000s\000t\000i\000c\000i\000t\000y\000:\000\040\000H\000o\000o\000k\000e\040\031\000s\000\040\000L\000a\000w}{section.3}% 173
\BOOKMARK [2][-]{subsection.3.19}{\376\377\000A\000x\000i\000a\000l\000\040\000C\000o\000m\000p\000r\000e\000s\000s\000i\000o\000n\000\040\000E\000x\000a\000m\000p\000l\000e}{section.3}% 174
\BOOKMARK [2][-]{subsection.3.20}{\376\377\000S\000u\000m\000m\000a\000r\000y\000\040\000T\000a\000b\000l\000e}{section.3}% 175
\BOOKMARK [2][-]{subsection.3.21}{\376\377\000E\000n\000e\000r\000g\000y\000\040\000B\000a\000l\000a\000n\000c\000e\000\040\000f\000o\000r\000\040\000E\000l\000a\000s\000t\000i\000c\000\040\000S\000o\000l\000i\000d\000s}{section.3}% 176
\BOOKMARK [3][-]{subsubsection.3.21.1}{\376\377\000E\000n\000e\000r\000g\000y\000\040\000R\000a\000t\000e\000\040\000B\000a\000l\000a\000n\000c\000e\000\040\000\050\000C\000u\000r\000r\000e\000n\000t\000\040\000C\000o\000n\000f\000i\000g\000u\000r\000a\000t\000i\000o\000n\000\051}{subsection.3.21}% 177
\BOOKMARK [3][-]{subsubsection.3.21.2}{\376\377\000E\000n\000e\000r\000g\000y\000\040\000R\000a\000t\000e\000\040\000B\000a\000l\000a\000n\000c\000e\000\040\000\050\000R\000e\000f\000e\000r\000e\000n\000c\000e\000\040\000C\000o\000n\000f\000i\000g\000u\000r\000a\000t\000i\000o\000n\000\051}{subsection.3.21}% 178
\BOOKMARK [2][-]{subsection.3.22}{\376\377\000S\000t\000r\000a\000i\000n\000\040\000E\000n\000e\000r\000g\000y\000\040\000a\000n\000d\000\040\000E\000l\000a\000s\000t\000i\000c\000\040\000S\000o\000l\000i\000d\000s}{section.3}% 179
\BOOKMARK [2][-]{subsection.3.23}{\376\377\000T\000o\000t\000a\000l\000\040\000E\000n\000e\000r\000g\000y\000\040\000a\000n\000d\000\040\000C\000o\000n\000s\000e\000r\000v\000a\000t\000i\000o\000n}{section.3}% 180
\BOOKMARK [2][-]{subsection.3.24}{\376\377\000N\000o\000n\000l\000i\000n\000e\000a\000r\000\040\000E\000l\000a\000s\000t\000i\000c\000\040\000S\000o\000l\000i\000d\000s}{section.3}% 181
\BOOKMARK [2][-]{subsection.3.25}{\376\377\000G\000o\000v\000e\000r\000n\000i\000n\000g\000\040\000E\000q\000u\000a\000t\000i\000o\000n\000s\000\040\000o\000f\000\040\000N\000o\000n\000l\000i\000n\000e\000a\000r\000\040\000E\000l\000a\000s\000t\000i\000c\000i\000t\000y}{section.3}% 182
\BOOKMARK [2][-]{subsection.3.26}{\376\377\000S\000u\000m\000m\000a\000r\000y\000\040\000o\000f\000\040\000H\000y\000p\000e\000r\000e\000l\000a\000s\000t\000i\000c\000i\000t\000y}{section.3}% 183
\BOOKMARK [2][-]{subsection.3.27}{\376\377\000N\000o\000n\000l\000i\000n\000e\000a\000r\000\040\000E\000l\000a\000s\000t\000i\000c\000\040\000S\000o\000l\000i\000d\000s\000\040\000a\000n\000d\000\040\000H\000y\000p\000e\000r\000e\000l\000a\000s\000t\000i\000c\000i\000t\000y}{section.3}% 184
\BOOKMARK [3][-]{subsubsection.3.27.1}{\376\377\000D\000e\000f\000i\000n\000i\000t\000i\000o\000n\000\040\000o\000f\000\040\000H\000y\000p\000e\000r\000e\000l\000a\000s\000t\000i\000c\000i\000t\000y}{subsection.3.27}% 185
\BOOKMARK [3][-]{subsubsection.3.27.2}{\376\377\000F\000r\000a\000m\000e\000\040\000I\000n\000d\000i\000f\000f\000e\000r\000e\000n\000c\000e\000\040\000\050\000O\000b\000j\000e\000c\000t\000i\000v\000i\000t\000y\000\051}{subsection.3.27}% 186
\BOOKMARK [2][-]{subsection.3.28}{\376\377\000M\000a\000t\000e\000r\000i\000a\000l\000\040\000F\000r\000a\000m\000e\000\040\000I\000n\000d\000i\000f\000f\000e\000r\000e\000n\000c\000e}{section.3}% 187
\BOOKMARK [2][-]{subsection.3.29}{\376\377\000C\000o\000n\000s\000e\000q\000u\000e\000n\000c\000e\000:\000\040\000D\000e\000p\000e\000n\000d\000e\000n\000c\000e\000\040\000o\000n\000\040\000C\000\040\000=\000\040\000F\000T\000F}{section.3}% 188
\BOOKMARK [2][-]{subsection.3.30}{\376\377\000D\000e\000r\000i\000v\000a\000t\000i\000o\000n\000\040\000o\000f\000\040\000S\000t\000r\000e\000s\000s\000\040\000f\000r\000o\000m\000\040\000W\000\050\000C\000\051}{section.3}% 189
\BOOKMARK [2][-]{subsection.3.31}{\376\377\000S\000y\000m\000m\000e\000t\000r\000y\000\040\000a\000n\000d\000\040\000W\000o\000r\000k\000\040\000C\000o\000n\000j\000u\000g\000a\000c\000y}{section.3}% 190
\BOOKMARK [2][-]{subsection.3.32}{\376\377\000I\000n\000f\000i\000n\000i\000t\000e\000s\000i\000m\000a\000l\000\040\000L\000i\000m\000i\000t}{section.3}% 191
\BOOKMARK [2][-]{subsection.3.33}{\376\377\000S\000u\000m\000m\000a\000r\000y\000\040\000o\000f\000\040\000O\000b\000j\000e\000c\000t\000i\000v\000i\000t\000y\000\040\000a\000n\000d\000\040\000H\000y\000p\000e\000r\000e\000l\000a\000s\000t\000i\000c\000\040\000C\000o\000n\000s\000t\000i\000t\000u\000t\000i\000v\000e\000\040\000L\000a\000w}{section.3}% 192
\BOOKMARK [2][-]{subsection.3.34}{\376\377\000T\000h\000e\000\040\000E\000f\000f\000e\000c\000t\000\040\000o\000f\000\040\000M\000a\000t\000e\000r\000i\000a\000l\000\040\000S\000y\000m\000m\000e\000t\000r\000y}{section.3}% 193
\BOOKMARK [3][-]{subsubsection.3.34.1}{\376\377\000C\000o\000n\000c\000e\000p\000t}{subsection.3.34}% 194
\BOOKMARK [3][-]{subsubsection.3.34.2}{\376\377\000O\000r\000t\000h\000o\000g\000o\000n\000a\000l\000\040\000M\000e\000m\000b\000e\000r\000s\000\040\000o\000f\000\040\000t\000h\000e\000\040\000S\000y\000m\000m\000e\000t\000r\000y\000\040\000G\000r\000o\000u\000p}{subsection.3.34}% 195
\BOOKMARK [2][-]{subsection.3.35}{\376\377\000M\000a\000t\000e\000r\000i\000a\000l\000\040\000S\000y\000m\000m\000e\000t\000r\000y\000\040\000i\000n\000\040\000t\000h\000e\000\040\000I\000n\000f\000i\000n\000i\000t\000e\000s\000i\000m\000a\000l\000\040\000L\000i\000m\000i\000t}{section.3}% 196
\BOOKMARK [2][-]{subsection.3.36}{\376\377\000T\000r\000a\000n\000s\000f\000o\000r\000m\000a\000t\000i\000o\000n\000\040\000o\000f\000\040\000E\000l\000a\000s\000t\000i\000c\000\040\000C\000o\000n\000s\000t\000a\000n\000t\000s}{section.3}% 197
\BOOKMARK [2][-]{subsection.3.37}{\376\377\000S\000y\000m\000m\000e\000t\000r\000i\000e\000s\000\040\000o\000f\000\040\000C\000i\000j\000k\000l}{section.3}% 198
\BOOKMARK [2][-]{subsection.3.38}{\376\377\000L\000i\000n\000e\000a\000r\000\040\000H\000y\000p\000e\000r\000e\000l\000a\000s\000t\000i\000c\000\040\000M\000a\000t\000e\000r\000i\000a\000l}{section.3}% 199
\BOOKMARK [2][-]{subsection.3.39}{\376\377\000S\000u\000m\000m\000a\000r\000y\000\040\000T\000a\000b\000l\000e}{section.3}% 200
\BOOKMARK [2][-]{subsection.3.40}{\376\377\000M\000a\000t\000r\000i\000x\000\040\000N\000o\000t\000a\000t\000i\000o\000n\000\040\000a\000n\000d\000\040\000E\000l\000a\000s\000t\000i\000c\000\040\000S\000y\000m\000m\000e\000t\000r\000y}{section.3}% 201
\BOOKMARK [3][-]{subsubsection.3.40.1}{\376\377\000M\000a\000t\000r\000i\000x\000\040\000\050\000V\000o\000i\000g\000t\000\051\000\040\000N\000o\000t\000a\000t\000i\000o\000n}{subsection.3.40}% 202
\BOOKMARK [3][-]{subsubsection.3.40.2}{\376\377\000P\000l\000a\000n\000e\000\040\000o\000f\000\040\000E\000l\000a\000s\000t\000i\000c\000\040\000S\000y\000m\000m\000e\000t\000r\000y\000\040\000\050\000M\000o\000n\000o\000c\000l\000i\000n\000i\000c\000\051}{subsection.3.40}% 203
\BOOKMARK [3][-]{subsubsection.3.40.3}{\376\377\000O\000r\000t\000h\000o\000t\000r\000o\000p\000i\000c\000\040\000S\000y\000m\000m\000e\000t\000r\000y}{subsection.3.40}% 204
\BOOKMARK [3][-]{subsubsection.3.40.4}{\376\377\000C\000u\000b\000i\000c\000\040\000S\000y\000m\000m\000e\000t\000r\000y}{subsection.3.40}% 205
\BOOKMARK [3][-]{subsubsection.3.40.5}{\376\377\000I\000s\000o\000t\000r\000o\000p\000i\000c\000\040\000S\000y\000m\000m\000e\000t\000r\000y}{subsection.3.40}% 206
\BOOKMARK [2][-]{subsection.3.41}{\376\377\000S\000u\000m\000m\000a\000r\000y\000\040\000o\000f\000\040\000E\000l\000a\000s\000t\000i\000c\000\040\000S\000y\000m\000m\000e\000t\000r\000y\000\040\000C\000l\000a\000s\000s\000e\000s}{section.3}% 207
\BOOKMARK [2][-]{subsection.3.42}{\376\377\000I\000s\000o\000t\000r\000o\000p\000i\000c\000\040\000F\000o\000u\000r\000t\000h\000-\000O\000r\000d\000e\000r\000\040\000T\000e\000n\000s\000o\000r}{section.3}% 208
\BOOKMARK [2][-]{subsection.3.43}{\376\377\000L\000a\000m\000\351\000\040\000C\000o\000n\000s\000t\000a\000n\000t\000s\000\040\000a\000n\000d\000\040\000E\000n\000g\000i\000n\000e\000e\000r\000i\000n\000g\000\040\000M\000o\000d\000u\000l\000i}{section.3}% 209
\BOOKMARK [2][-]{subsection.3.44}{\376\377\000U\000n\000i\000a\000x\000i\000a\000l\000\040\000L\000o\000a\000d\000i\000n\000g\000\040\000a\000n\000d\000\040\000I\000n\000c\000o\000m\000p\000r\000e\000s\000s\000i\000b\000i\000l\000i\000t\000y}{section.3}% 210
\BOOKMARK [2][-]{subsection.3.45}{\376\377\000W\000a\000v\000e\000\040\000S\000p\000e\000e\000d\000\040\000a\000n\000d\000\040\000E\000l\000a\000s\000t\000i\000c\000\040\000M\000o\000d\000u\000l\000u\000s\000\040\000\050\000S\000o\000n\000i\000c\000\040\000T\000e\000s\000t\000\051}{section.3}% 211
\BOOKMARK [2][-]{subsection.3.46}{\376\377\000I\000s\000o\000t\000r\000o\000p\000i\000c\000\040\000L\000i\000n\000e\000a\000r\000\040\000E\000l\000a\000s\000t\000i\000c\000i\000t\000y}{section.3}% 212
\BOOKMARK [3][-]{subsubsection.3.46.1}{\376\377\000I\000s\000o\000t\000r\000o\000p\000i\000c\000\040\000M\000a\000t\000e\000r\000i\000a\000l\000\040\000T\000e\000n\000s\000o\000r\000\040\000F\000o\000r\000m}{subsection.3.46}% 213
\BOOKMARK [3][-]{subsubsection.3.46.2}{\376\377\000S\000i\000m\000p\000l\000i\000f\000i\000e\000d\000\040\000F\000o\000r\000m\000\040\000a\000n\000d\000\040\000I\000n\000t\000e\000r\000p\000r\000e\000t\000a\000t\000i\000o\000n}{subsection.3.46}% 214
\BOOKMARK [3][-]{subsubsection.3.46.3}{\376\377\000A\000x\000i\000a\000l\000\040\000S\000t\000r\000a\000i\000n\000\040\000R\000e\000l\000a\000t\000i\000o\000n\000s}{subsection.3.46}% 215
\BOOKMARK [3][-]{subsubsection.3.46.4}{\376\377\000G\000e\000n\000e\000r\000a\000l\000\040\0003\000D\000\040\000R\000e\000l\000a\000t\000i\000o\000n\000s}{subsection.3.46}% 216
\BOOKMARK [3][-]{subsubsection.3.46.5}{\376\377\000R\000e\000l\000a\000t\000i\000o\000n\000s\000\040\000B\000e\000t\000w\000e\000e\000n\000\040\000E\000l\000a\000s\000t\000i\000c\000\040\000M\000o\000d\000u\000l\000i}{subsection.3.46}% 217
\BOOKMARK [3][-]{subsubsection.3.46.6}{\376\377\000I\000n\000c\000o\000m\000p\000r\000e\000s\000s\000i\000b\000l\000e\000\040\000L\000i\000m\000i\000t}{subsection.3.46}% 218
\BOOKMARK [3][-]{subsubsection.3.46.7}{\376\377\000B\000o\000u\000n\000d\000a\000r\000y\000\040\000V\000a\000l\000u\000e\000\040\000P\000r\000o\000b\000l\000e\000m\000\040\000\050\000B\000V\000P\000\051}{subsection.3.46}% 219
\BOOKMARK [2][-]{subsection.3.47}{\376\377\000S\000u\000m\000m\000a\000r\000y}{section.3}% 220
\BOOKMARK [2][-]{subsection.3.48}{\376\377\000B\000o\000u\000n\000d\000a\000r\000y\000\040\000V\000a\000l\000u\000e\000\040\000P\000r\000o\000b\000l\000e\000m\000s\000\040\000i\000n\000\040\000L\000i\000n\000e\000a\000r\000\040\000E\000l\000a\000s\000t\000i\000c\000i\000t\000y}{section.3}% 221
\BOOKMARK [3][-]{subsubsection.3.48.1}{\376\377\000T\000y\000p\000e\000s\000\040\000o\000f\000\040\000B\000o\000u\000n\000d\000a\000r\000y\000\040\000C\000o\000n\000d\000i\000t\000i\000o\000n\000s}{subsection.3.48}% 222
\BOOKMARK [2][-]{subsection.3.49}{\376\377\000E\000x\000a\000m\000p\000l\000e\000:\000\040\000U\000n\000i\000f\000o\000r\000m\000\040\000P\000r\000e\000s\000s\000u\000r\000e\000\040\000o\000n\000\040\000a\000\040\0003\000D\000\040\000B\000o\000d\000y}{section.3}% 223
\BOOKMARK [3][-]{subsubsection.3.49.1}{\376\377\000B\000o\000u\000n\000d\000a\000r\000y\000\040\000C\000o\000n\000d\000i\000t\000i\000o\000n\000s}{subsection.3.49}% 224
\BOOKMARK [3][-]{subsubsection.3.49.2}{\376\377\000E\000q\000u\000i\000l\000i\000b\000r\000i\000u\000m\000\040\000E\000q\000u\000a\000t\000i\000o\000n}{subsection.3.49}% 225
\BOOKMARK [3][-]{subsubsection.3.49.3}{\376\377\000C\000o\000n\000s\000t\000i\000t\000u\000t\000i\000v\000e\000\040\000E\000q\000u\000a\000t\000i\000o\000n\000s}{subsection.3.49}% 226
\BOOKMARK [3][-]{subsubsection.3.49.4}{\376\377\000C\000o\000m\000p\000a\000t\000i\000b\000i\000l\000i\000t\000y}{subsection.3.49}% 227
\BOOKMARK [3][-]{subsubsection.3.49.5}{\376\377\000D\000i\000s\000p\000l\000a\000c\000e\000m\000e\000n\000t\000s}{subsection.3.49}% 228
\BOOKMARK [3][-]{subsubsection.3.49.6}{\376\377\0006\000.\000\040\000V\000o\000l\000u\000m\000e\000\040\000C\000h\000a\000n\000g\000e}{subsection.3.49}% 229
\BOOKMARK [2][-]{subsection.3.50}{\376\377\000U\000n\000i\000q\000u\000e\000n\000e\000s\000s\000\040\000o\000f\000\040\000S\000o\000l\000u\000t\000i\000o\000n}{section.3}% 230
\BOOKMARK [2][-]{subsection.3.51}{\376\377\000S\000u\000m\000m\000a\000r\000y}{section.3}% 231
